This is pdfTeX, Version 3.141592653-2.6-1.40.24 (TeX Live 2022) (preloaded format=pdflatex 2022.12.3)  5 DEC 2022 18:03
entering extended mode
 restricted \write18 enabled.
 %&-line parsing enabled.
**C:/Users/Peanuts/Documents/GitHub/Proyecto-Perdidas-Book/in-header.tex
(c:/Users/Peanuts/Documents/GitHub/Proyecto-Perdidas-Book/in-header.tex
LaTeX2e <2022-11-01> patch level 1
L3 programming layer <2022-11-02>

! LaTeX Error: \usepackage before \documentclass.

See the LaTeX manual or LaTeX Companion for explanation.
Type  H <return>  for immediate help.
 ...                                              
                                                  
l.4 \usepackage[utf8x]{
                       inputenc}  % Required for inputting international cha... 
Here is how much of TeX's memory you used:
 20 strings out of 476928
 764 string characters out of 5823642
 337057 words of memory out of 5000000
 21370 multiletter control sequences out of 15000+600000
 469259 words of font info for 28 fonts, out of 8000000 for 9000
 14 hyphenation exceptions out of 8191
 13i,0n,12p,153b,14s stack positions out of 10000i,1000n,20000p,200000b,200000s

!  ==> Fatal error occurred, no output PDF file produced!
